<?xml version="1.0" encoding="UTF-8"?>
<testng-results ignored="0" total="2" passed="2" failed="0" skipped="0">
  <reporter-output>
  </reporter-output>
  <suite started-at="2025-10-14T14:57:38 IST" name="SauceDemo Test Suite" finished-at="2025-10-14T14:58:36 IST" duration-ms="58690">
    <groups>
    </groups>
    <test started-at="2025-10-14T14:57:38 IST" name="SauceDemo End-to-End Test" finished-at="2025-10-14T14:58:36 IST" duration-ms="58690">
      <class name="tests.SauceDemoTest">
        <test-method signature="testSauceDemoEndToEnd()[pri:0, instance:tests.SauceDemoTest@6200f9cb]" started-at="2025-10-14T14:57:52 IST" name="testSauceDemoEndToEnd" finished-at="2025-10-14T14:58:36 IST" duration-ms="43734" status="PASS">
          <reporter-output>
          </reporter-output>
        </test-method> <!-- testSauceDemoEndToEnd -->
        <test-method is-config="true" signature="tearDown()[pri:0, instance:tests.SauceDemoTest@6200f9cb]" started-at="2025-10-14T14:58:36 IST" name="tearDown" finished-at="2025-10-14T14:58:36 IST" duration-ms="587" status="PASS">
          <reporter-output>
          </reporter-output>
        </test-method> <!-- tearDown -->
      </class> <!-- tests.SauceDemoTest -->
      <class name="tests.loginTest">
        <test-method is-config="true" signature="setup()[pri:0, instance:tests.loginTest@2df3b89c]" started-at="2025-10-14T14:57:38 IST" name="setup" finished-at="2025-10-14T14:57:41 IST" duration-ms="3527" status="PASS">
          <reporter-output>
          </reporter-output>
        </test-method> <!-- setup -->
        <test-method signature="logintest()[pri:0, instance:tests.loginTest@2df3b89c]" started-at="2025-10-14T14:57:41 IST" name="logintest" finished-at="2025-10-14T14:57:52 IST" duration-ms="10741" status="PASS">
          <reporter-output>
          </reporter-output>
        </test-method> <!-- logintest -->
      </class> <!-- tests.loginTest -->
    </test> <!-- SauceDemo End-to-End Test -->
  </suite> <!-- SauceDemo Test Suite -->
</testng-results>
